<?xml version="1.0" encoding="UTF-8"?>
<!-- Generated by org.testng.reporters.JUnitReportReporter -->
<testsuite hostname="NTB-257" failures="0" tests="6" name="Academy.Tricentis.LoginNegative" time="30.504" errors="0" timestamp="2023-03-17T15:01:24 CET" skipped="0">
  <testcase classname="Academy.Tricentis.LoginNegative" name="loginWrongCredentials" time="4.397"/>
  <system-out/>
  <testcase classname="Academy.Tricentis.LoginNegative" name="loginWrongCredentials" time="4.257"/>
  <system-out/>
  <testcase classname="Academy.Tricentis.LoginNegative" name="loginWrongCredentials" time="4.795"/>
  <system-out/>
  <testcase classname="Academy.Tricentis.LoginNegative" name="loginWrongCredentials" time="4.364"/>
  <system-out/>
  <testcase classname="Academy.Tricentis.LoginNegative" name="loginWrongCredentials" time="8.285"/>
  <system-out/>
  <testcase classname="Academy.Tricentis.LoginNegative" name="loginWrongCredentials" time="4.406"/>
  <system-out/>
</testsuite> <!-- Academy.Tricentis.LoginNegative -->
