<?xml version="1.0" encoding="UTF-8"?>
<!-- Generated by org.testng.reporters.JUnitReportReporter -->
<testsuite hostname="NTB-257" failures="0" tests="1" name="Academy.Tricentis.Purchase03" time="39.002" errors="0" timestamp="2023-03-22T14:18:51 CET" skipped="0">
  <testcase classname="Academy.Tricentis.Purchase03" name="submitOrder" time="39.002"/>
  <system-out/>
</testsuite> <!-- Academy.Tricentis.Purchase03 -->
