<?xml version="1.0" encoding="UTF-8"?>
<!-- Generated by org.testng.reporters.JUnitReportReporter -->
<testsuite hostname="NTB-257" failures="0" tests="6" name="Academy.Tricentis.LoginNegative03" time="57.277" errors="0" timestamp="2023-03-22T11:24:44 CET" skipped="0">
  <testcase classname="Academy.Tricentis.LoginNegative03" name="loginWrongCredentials" time="25.451"/>
  <system-out/>
  <testcase classname="Academy.Tricentis.LoginNegative03" name="loginWrongCredentials" time="4.415"/>
  <system-out/>
  <testcase classname="Academy.Tricentis.LoginNegative03" name="loginWrongCredentials" time="5.384"/>
  <system-out/>
  <testcase classname="Academy.Tricentis.LoginNegative03" name="loginWrongCredentials" time="6.967"/>
  <system-out/>
  <testcase classname="Academy.Tricentis.LoginNegative03" name="loginWrongCredentials" time="7.379"/>
  <system-out/>
  <testcase classname="Academy.Tricentis.LoginNegative03" name="loginWrongCredentials" time="7.681"/>
  <system-out/>
</testsuite> <!-- Academy.Tricentis.LoginNegative03 -->
